生成启动时间为 2021/5/8 16:27:07。
     1>项目“C:\temp\part_3_2\part_3_2\part_3_2.vcxproj”在节点 2 上(build 个目标)。
     1>PrepareForBuild:
         正在创建目录“C:\temp\part_3_2\Debug\”。
       InitializeBuildStatus:
         正在创建“Debug\part_3_2.unsuccessfulbuild”，因为已指定“AlwaysCreate”。
       ClCompile:
         C:\Program Files (x86)\Microsoft Visual Studio 10.0\VC\bin\CL.exe /c /ZI /nologo /W3 /WX- /Od /Oy- /D WIN32 /D _DEBUG /D _CONSOLE /D _UNICODE /D UNICODE /Gm /EHsc /RTC1 /MDd /GS /fp:precise /Zc:wchar_t /Zc:forScope /Yc"StdAfx.h" /Fp"Debug\part_3_2.pch" /Fo"Debug\\" /Fd"Debug\vc100.pdb" /Gd /TP /analyze- /errorReport:prompt stdafx.cpp
         stdafx.cpp
         C:\Program Files (x86)\Microsoft Visual Studio 10.0\VC\bin\CL.exe /c /ZI /nologo /W3 /WX- /Od /Oy- /D WIN32 /D _DEBUG /D _CONSOLE /D _UNICODE /D UNICODE /Gm /EHsc /RTC1 /MDd /GS /fp:precise /Zc:wchar_t /Zc:forScope /Yu"StdAfx.h" /Fp"Debug\part_3_2.pch" /Fo"Debug\\" /Fd"Debug\vc100.pdb" /Gd /TP /analyze- /errorReport:prompt part_3_2.cpp
         part_3_2.cpp
     1>c:\temp\part_3_2\part_3_2\part_3_2.cpp(28): warning C4244: “初始化”: 从“double”转换到“float”，可能丢失数据
       ManifestResourceCompile:
         C:\Program Files (x86)\Microsoft SDKs\Windows\v7.0A\bin\rc.exe /nologo /fo"Debug\part_3_2.exe.embed.manifest.res" Debug\part_3_2_manifest.rc 
       Link:
         C:\Program Files (x86)\Microsoft Visual Studio 10.0\VC\bin\link.exe /ERRORREPORT:PROMPT /OUT:"C:\temp\part_3_2\Debug\part_3_2.exe" /INCREMENTAL /NOLOGO kernel32.lib user32.lib gdi32.lib winspool.lib comdlg32.lib advapi32.lib shell32.lib ole32.lib oleaut32.lib uuid.lib odbc32.lib odbccp32.lib /MANIFEST /ManifestFile:"Debug\part_3_2.exe.intermediate.manifest" /MANIFESTUAC:"level='asInvoker' uiAccess='false'" /DEBUG /PDB:"C:\temp\part_3_2\Debug\part_3_2.pdb" /SUBSYSTEM:CONSOLE /TLBID:1 /DYNAMICBASE /NXCOMPAT /IMPLIB:"C:\temp\part_3_2\Debug\part_3_2.lib" /MACHINE:X86 Debug\part_3_2.exe.embed.manifest.res
         Debug\part_3_2.obj
         Debug\stdafx.obj
       Manifest:
         C:\Program Files (x86)\Microsoft SDKs\Windows\v7.0A\bin\mt.exe /nologo /verbose /out:"Debug\part_3_2.exe.embed.manifest" /manifest Debug\part_3_2.exe.intermediate.manifest
         C:\Program Files (x86)\Microsoft SDKs\Windows\v7.0A\bin\rc.exe /nologo /fo"Debug\part_3_2.exe.embed.manifest.res" Debug\part_3_2_manifest.rc 
       LinkEmbedManifest:
         C:\Program Files (x86)\Microsoft Visual Studio 10.0\VC\bin\link.exe /ERRORREPORT:PROMPT /OUT:"C:\temp\part_3_2\Debug\part_3_2.exe" /INCREMENTAL /NOLOGO kernel32.lib user32.lib gdi32.lib winspool.lib comdlg32.lib advapi32.lib shell32.lib ole32.lib oleaut32.lib uuid.lib odbc32.lib odbccp32.lib /MANIFEST /ManifestFile:"Debug\part_3_2.exe.intermediate.manifest" /MANIFESTUAC:"level='asInvoker' uiAccess='false'" /DEBUG /PDB:"C:\temp\part_3_2\Debug\part_3_2.pdb" /SUBSYSTEM:CONSOLE /TLBID:1 /DYNAMICBASE /NXCOMPAT /IMPLIB:"C:\temp\part_3_2\Debug\part_3_2.lib" /MACHINE:X86 Debug\part_3_2.exe.embed.manifest.res
         Debug\part_3_2.obj
         Debug\stdafx.obj
         part_3_2.vcxproj -> C:\temp\part_3_2\Debug\part_3_2.exe
       FinalizeBuildStatus:
         正在删除文件“Debug\part_3_2.unsuccessfulbuild”。
         正在对“Debug\part_3_2.lastbuildstate”执行 Touch 任务。
     1>已完成生成项目“C:\temp\part_3_2\part_3_2\part_3_2.vcxproj”(build 个目标)的操作。

生成成功。

已用时间 00:00:01.08
